d:\asmbook 7\examples\project64_vs2013\x64\debug\project64.ilk
d:\asmbook 7\examples\project64_vs2013\x64\debug\project64.exe
d:\asmbook 7\examples\project64_vs2013\x64\debug\project64.pdb
d:\asmbook 7\examples\project64_vs2013\x64\debug\irvine64.obj
d:\asmbook 7\examples\project64_vs2013\x64\debug\lib64test.obj
d:\asmbook 7\examples\project64_vs2015\x64\debug\project64.ilk
d:\asmbook 7\examples\project64_vs2015\x64\debug\project64.exe
d:\asmbook 7\examples\project64_vs2015\x64\debug\project64.pdb
d:\asmbook 7\examples\project64_vs2015\x64\debug\irvine64.obj
d:\asmbook 7\examples\project64_vs2015\x64\debug\lib64test.obj
c:\irvine\project64_vs2015\x64\debug\addtwosum_64.obj
c:\irvine\project64_vs2015\x64\debug\irvine64.obj
c:\irvine\project64_vs2015\x64\debug\lib64test.obj
c:\irvine\project64_vs2015\x64\debug\project64.ilk
c:\irvine\project64_vs2015\x64\debug\link-cvtres.read.1.tlog
c:\irvine\project64_vs2015\x64\debug\link-cvtres.write.1.tlog
c:\irvine\project64_vs2015\x64\debug\link-rc.read.1.tlog
c:\irvine\project64_vs2015\x64\debug\link-rc.write.1.tlog
c:\irvine\project64_vs2015\x64\debug\link.command.1.tlog
c:\irvine\project64_vs2015\x64\debug\link.read.1.tlog
c:\irvine\project64_vs2015\x64\debug\link.write.1.tlog
c:\irvine\project64_vs2015\x64\debug\project64.write.1.tlog
c:\irvine\project64_vs2015\x64\debug\project64.pdb
c:\irvine\project64_vs2015\x64\debug\project64.exe
c:\irvine\project64_vs2015\x64\debug\project64.tlog\link.command.1.tlog
c:\irvine\project64_vs2015\x64\debug\project64.tlog\link.read.1.tlog
c:\irvine\project64_vs2015\x64\debug\project64.tlog\link.write.1.tlog
c:\irvine\project64_vs2015\x64\debug\project64.tlog\project64.write.1u.tlog
